:::FORK TEST:::

>>>Executing: ignore in ./main_fork
Raised SIGUSR1 in 47802.
Raised SIGUSR1 in 47804.

>>>Executing: handler in ./main_fork
Raised SIGUSR1 in 47808.
Received SIGUSR1 in 47808.
Raised SIGUSR1 in 47810.
Received SIGUSR1 in 47810.

>>>Executing: mask in ./main_fork
Raised SIGUSR1 in 47815.
Raised SIGUSR1 in 47816.

>>>Executing: pending in ./main_fork
Raised SIGUSR1 in 47821.
Signal SIGUSR1 is pending in 47821
Signal SIGUSR1 is not pending in 47822



:::EXEC TEST:::

>>>Executing: ignore in ./main_exec
Raised SIGUSR1 in 47855.
>>>Executing: ignore in ./main_simple
Raised SIGUSR1 in 47855.

>>>Executing: mask in ./main_exec
Raised SIGUSR1 in 47858.
>>>Executing: mask in ./main_simple
Raised SIGUSR1 in 47858.

>>>Executing: pending in ./main_exec
Raised SIGUSR1 in 47861.
Signal SIGUSR1 is pending in 47861
>>>Executing: pending in ./main_simple
Signal SIGUSR1 is pending in 47861
